Analysis & Synthesis report for lab6
Wed Apr 08 02:51:51 2015
Quartus II Version 9.1 Build 350 03/24/2010 Service Pack 2 SJ Web Edition


---------------------
; Table of Contents ;
---------------------
  1. Legal Notice
  2. Analysis & Synthesis Summary
  3. Analysis & Synthesis Settings
  4. Parallel Compilation
  5. Analysis & Synthesis Source Files Read
  6. Analysis & Synthesis Resource Usage Summary
  7. Analysis & Synthesis Resource Utilization by Entity
  8. User-Specified and Inferred Latches
  9. General Register Statistics
 10. Multiplexer Restructuring Statistics (Restructuring Performed)
 11. Analysis & Synthesis Messages



----------------
; Legal Notice ;
----------------
Copyright (C) 1991-2010 Altera Corporation
Your use of Altera Corporation's design tools, logic functions 
and other software and tools, and its AMPP partner logic 
functions, and any output files from any of the foregoing 
(including device programming or simulation files), and any 
associated documentation or information are expressly subject 
to the terms and conditions of the Altera Program License 
Subscription Agreement, Altera MegaCore Function License 
Agreement, or other applicable license agreement, including, 
without limitation, that your use is for the sole purpose of 
programming logic devices manufactured by Altera and sold by 
Altera or its authorized distributors.  Please refer to the 
applicable agreement for further details.



+-----------------------------------------------------------------------------------+
; Analysis & Synthesis Summary                                                      ;
+------------------------------------+----------------------------------------------+
; Analysis & Synthesis Status        ; Successful - Wed Apr 08 02:51:51 2015        ;
; Quartus II Version                 ; 9.1 Build 350 03/24/2010 SP 2 SJ Web Edition ;
; Revision Name                      ; lab6                                         ;
; Top-level Entity Name              ; DAT_MEM                                      ;
; Family                             ; Cyclone II                                   ;
; Total logic elements               ; 466                                          ;
;     Total combinational functions  ; 210                                          ;
;     Dedicated logic registers      ; 256                                          ;
; Total registers                    ; 256                                          ;
; Total pins                         ; 51                                           ;
; Total virtual pins                 ; 0                                            ;
; Total memory bits                  ; 0                                            ;
; Embedded Multiplier 9-bit elements ; 0                                            ;
; Total PLLs                         ; 0                                            ;
+------------------------------------+----------------------------------------------+


+----------------------------------------------------------------------------------------------------------------------+
; Analysis & Synthesis Settings                                                                                        ;
+----------------------------------------------------------------------------+--------------------+--------------------+
; Option                                                                     ; Setting            ; Default Value      ;
+----------------------------------------------------------------------------+--------------------+--------------------+
; Device                                                                     ; EP2C35F672C6       ;                    ;
; Top-level entity name                                                      ; DAT_MEM            ; lab6               ;
; Family name                                                                ; Cyclone II         ; Stratix II         ;
; Use Generated Physical Constraints File                                    ; Off                ;                    ;
; Use smart compilation                                                      ; Off                ; Off                ;
; Enable parallel Assembler and TimeQuest Timing Analyzer during compilation ; On                 ; On                 ;
; Enable compact report table                                                ; Off                ; Off                ;
; Restructure Multiplexers                                                   ; Auto               ; Auto               ;
; Create Debugging Nodes for IP Cores                                        ; Off                ; Off                ;
; Preserve fewer node names                                                  ; On                 ; On                 ;
; Disable OpenCore Plus hardware evaluation                                  ; Off                ; Off                ;
; Verilog Version                                                            ; Verilog_2001       ; Verilog_2001       ;
; VHDL Version                                                               ; VHDL_1993          ; VHDL_1993          ;
; State Machine Processing                                                   ; Auto               ; Auto               ;
; Safe State Machine                                                         ; Off                ; Off                ;
; Extract Verilog State Machines                                             ; On                 ; On                 ;
; Extract VHDL State Machines                                                ; On                 ; On                 ;
; Ignore Verilog initial constructs                                          ; Off                ; Off                ;
; Iteration limit for constant Verilog loops                                 ; 5000               ; 5000               ;
; Iteration limit for non-constant Verilog loops                             ; 250                ; 250                ;
; Add Pass-Through Logic to Inferred RAMs                                    ; On                 ; On                 ;
; Parallel Synthesis                                                         ; On                 ; On                 ;
; DSP Block Balancing                                                        ; Auto               ; Auto               ;
; NOT Gate Push-Back                                                         ; On                 ; On                 ;
; Power-Up Don't Care                                                        ; On                 ; On                 ;
; Remove Redundant Logic Cells                                               ; Off                ; Off                ;
; Remove Duplicate Registers                                                 ; On                 ; On                 ;
; Ignore CARRY Buffers                                                       ; Off                ; Off                ;
; Ignore CASCADE Buffers                                                     ; Off                ; Off                ;
; Ignore GLOBAL Buffers                                                      ; Off                ; Off                ;
; Ignore ROW GLOBAL Buffers                                                  ; Off                ; Off                ;
; Ignore LCELL Buffers                                                       ; Off                ; Off                ;
; Ignore SOFT Buffers                                                        ; On                 ; On                 ;
; Limit AHDL Integers to 32 Bits                                             ; Off                ; Off                ;
; Optimization Technique                                                     ; Balanced           ; Balanced           ;
; Carry Chain Length                                                         ; 70                 ; 70                 ;
; Auto Carry Chains                                                          ; On                 ; On                 ;
; Auto Open-Drain Pins                                                       ; On                 ; On                 ;
; Perform WYSIWYG Primitive Resynthesis                                      ; Off                ; Off                ;
; Auto ROM Replacement                                                       ; On                 ; On                 ;
; Auto RAM Replacement                                                       ; On                 ; On                 ;
; Auto Shift Register Replacement                                            ; Auto               ; Auto               ;
; Auto Clock Enable Replacement                                              ; On                 ; On                 ;
; Strict RAM Replacement                                                     ; Off                ; Off                ;
; Allow Synchronous Control Signals                                          ; On                 ; On                 ;
; Force Use of Synchronous Clear Signals                                     ; Off                ; Off                ;
; Auto RAM to Logic Cell Conversion                                          ; Off                ; Off                ;
; Auto Resource Sharing                                                      ; Off                ; Off                ;
; Allow Any RAM Size For Recognition                                         ; Off                ; Off                ;
; Allow Any ROM Size For Recognition                                         ; Off                ; Off                ;
; Allow Any Shift Register Size For Recognition                              ; Off                ; Off                ;
; Use LogicLock Constraints during Resource Balancing                        ; On                 ; On                 ;
; Ignore translate_off and synthesis_off directives                          ; Off                ; Off                ;
; Timing-Driven Synthesis                                                    ; Off                ; Off                ;
; Show Parameter Settings Tables in Synthesis Report                         ; On                 ; On                 ;
; Ignore Maximum Fan-Out Assignments                                         ; Off                ; Off                ;
; Synchronization Register Chain Length                                      ; 2                  ; 2                  ;
; PowerPlay Power Optimization                                               ; Normal compilation ; Normal compilation ;
; HDL message level                                                          ; Level2             ; Level2             ;
; Suppress Register Optimization Related Messages                            ; Off                ; Off                ;
; Number of Removed Registers Reported in Synthesis Report                   ; 5000               ; 5000               ;
; Number of Inverted Registers Reported in Synthesis Report                  ; 100                ; 100                ;
; Clock MUX Protection                                                       ; On                 ; On                 ;
; Auto Gated Clock Conversion                                                ; Off                ; Off                ;
; Block Design Naming                                                        ; Auto               ; Auto               ;
; SDC constraint protection                                                  ; Off                ; Off                ;
; Synthesis Effort                                                           ; Auto               ; Auto               ;
; Shift Register Replacement - Allow Asynchronous Clear Signal               ; On                 ; On                 ;
; Analysis & Synthesis Message Level                                         ; Medium             ; Medium             ;
; Disable Register Merging Across Hierarchies                                ; Auto               ; Auto               ;
; Resource Aware Inference For Block RAM                                     ; On                 ; On                 ;
+----------------------------------------------------------------------------+--------------------+--------------------+


Parallel compilation was disabled, but you have multiple processors available. Enable parallel compilation to reduce compilation time.
+-------------------------------------+
; Parallel Compilation                ;
+----------------------------+--------+
; Processors                 ; Number ;
+----------------------------+--------+
; Number detected on machine ; 4      ;
; Maximum allowed            ; 1      ;
+----------------------------+--------+


+--------------------------------------------------------------------------------------------------------------------------+
; Analysis & Synthesis Source Files Read                                                                                   ;
+----------------------------------+-----------------+-----------------+---------------------------------------------------+
; File Name with User-Entered Path ; Used in Netlist ; File Type       ; File Name with Absolute Path                      ;
+----------------------------------+-----------------+-----------------+---------------------------------------------------+
; my_lib.vhd                       ; yes             ; User VHDL File  ; I:/EE 443 - Computer Engineering/lab6/my_lib.vhd  ;
; DAT_MEM.vhd                      ; yes             ; User VHDL File  ; I:/EE 443 - Computer Engineering/lab6/DAT_MEM.vhd ;
; DCD3x8.vhd                       ; yes             ; User VHDL File  ; I:/EE 443 - Computer Engineering/lab6/DCD3x8.vhd  ;
; DCD4x16.vhd                      ; yes             ; User VHDL File  ; I:/EE 443 - Computer Engineering/lab6/DCD4x16.vhd ;
; REG8.vhd                         ; yes             ; User VHDL File  ; I:/EE 443 - Computer Engineering/lab6/REG8.vhd    ;
+----------------------------------+-----------------+-----------------+---------------------------------------------------+


+-----------------------------------------------------+
; Analysis & Synthesis Resource Usage Summary         ;
+---------------------------------------------+-------+
; Resource                                    ; Usage ;
+---------------------------------------------+-------+
; Estimated Total logic elements              ; 466   ;
;                                             ;       ;
; Total combinational functions               ; 210   ;
; Logic element usage by number of LUT inputs ;       ;
;     -- 4 input functions                    ; 170   ;
;     -- 3 input functions                    ; 26    ;
;     -- <=2 input functions                  ; 14    ;
;                                             ;       ;
; Logic elements by mode                      ;       ;
;     -- normal mode                          ; 210   ;
;     -- arithmetic mode                      ; 0     ;
;                                             ;       ;
; Total registers                             ; 256   ;
;     -- Dedicated logic registers            ; 256   ;
;     -- I/O registers                        ; 0     ;
;                                             ;       ;
; I/O pins                                    ; 51    ;
; Maximum fan-out node                        ; CLK   ;
; Maximum fan-out                             ; 256   ;
; Total fan-out                               ; 1586  ;
; Average fan-out                             ; 3.07  ;
+---------------------------------------------+-------+


+----------------------------------------------------------------------------------------------------------------------------------------------------------------------------------------+
; Analysis & Synthesis Resource Utilization by Entity                                                                                                                                    ;
+----------------------------+-------------------+--------------+-------------+--------------+---------+-----------+------+--------------+--------------------------------+--------------+
; Compilation Hierarchy Node ; LC Combinationals ; LC Registers ; Memory Bits ; DSP Elements ; DSP 9x9 ; DSP 18x18 ; Pins ; Virtual Pins ; Full Hierarchy Name            ; Library Name ;
+----------------------------+-------------------+--------------+-------------+--------------+---------+-----------+------+--------------+--------------------------------+--------------+
; |DAT_MEM                   ; 210 (210)         ; 256 (0)      ; 0           ; 0            ; 0       ; 0         ; 51   ; 0            ; |DAT_MEM                       ; work         ;
;    |REG8:\mem:0:reg8High|  ; 0 (0)             ; 8 (8)        ; 0           ; 0            ; 0       ; 0         ; 0    ; 0            ; |DAT_MEM|REG8:\mem:0:reg8High  ;              ;
;    |REG8:\mem:0:reg8Low|   ; 0 (0)             ; 8 (8)        ; 0           ; 0            ; 0       ; 0         ; 0    ; 0            ; |DAT_MEM|REG8:\mem:0:reg8Low   ; work         ;
;    |REG8:\mem:10:reg8High| ; 0 (0)             ; 8 (8)        ; 0           ; 0            ; 0       ; 0         ; 0    ; 0            ; |DAT_MEM|REG8:\mem:10:reg8High ; work         ;
;    |REG8:\mem:10:reg8Low|  ; 0 (0)             ; 8 (8)        ; 0           ; 0            ; 0       ; 0         ; 0    ; 0            ; |DAT_MEM|REG8:\mem:10:reg8Low  ; work         ;
;    |REG8:\mem:11:reg8High| ; 0 (0)             ; 8 (8)        ; 0           ; 0            ; 0       ; 0         ; 0    ; 0            ; |DAT_MEM|REG8:\mem:11:reg8High ; work         ;
;    |REG8:\mem:11:reg8Low|  ; 0 (0)             ; 8 (8)        ; 0           ; 0            ; 0       ; 0         ; 0    ; 0            ; |DAT_MEM|REG8:\mem:11:reg8Low  ; work         ;
;    |REG8:\mem:12:reg8High| ; 0 (0)             ; 8 (8)        ; 0           ; 0            ; 0       ; 0         ; 0    ; 0            ; |DAT_MEM|REG8:\mem:12:reg8High ; work         ;
;    |REG8:\mem:12:reg8Low|  ; 0 (0)             ; 8 (8)        ; 0           ; 0            ; 0       ; 0         ; 0    ; 0            ; |DAT_MEM|REG8:\mem:12:reg8Low  ; work         ;
;    |REG8:\mem:13:reg8High| ; 0 (0)             ; 8 (8)        ; 0           ; 0            ; 0       ; 0         ; 0    ; 0            ; |DAT_MEM|REG8:\mem:13:reg8High ; work         ;
;    |REG8:\mem:13:reg8Low|  ; 0 (0)             ; 8 (8)        ; 0           ; 0            ; 0       ; 0         ; 0    ; 0            ; |DAT_MEM|REG8:\mem:13:reg8Low  ; work         ;
;    |REG8:\mem:14:reg8High| ; 0 (0)             ; 8 (8)        ; 0           ; 0            ; 0       ; 0         ; 0    ; 0            ; |DAT_MEM|REG8:\mem:14:reg8High ; work         ;
;    |REG8:\mem:14:reg8Low|  ; 0 (0)             ; 8 (8)        ; 0           ; 0            ; 0       ; 0         ; 0    ; 0            ; |DAT_MEM|REG8:\mem:14:reg8Low  ; work         ;
;    |REG8:\mem:15:reg8High| ; 0 (0)             ; 8 (8)        ; 0           ; 0            ; 0       ; 0         ; 0    ; 0            ; |DAT_MEM|REG8:\mem:15:reg8High ; work         ;
;    |REG8:\mem:15:reg8Low|  ; 0 (0)             ; 8 (8)        ; 0           ; 0            ; 0       ; 0         ; 0    ; 0            ; |DAT_MEM|REG8:\mem:15:reg8Low  ; work         ;
;    |REG8:\mem:1:reg8High|  ; 0 (0)             ; 8 (8)        ; 0           ; 0            ; 0       ; 0         ; 0    ; 0            ; |DAT_MEM|REG8:\mem:1:reg8High  ;              ;
;    |REG8:\mem:1:reg8Low|   ; 0 (0)             ; 8 (8)        ; 0           ; 0            ; 0       ; 0         ; 0    ; 0            ; |DAT_MEM|REG8:\mem:1:reg8Low   ; work         ;
;    |REG8:\mem:2:reg8High|  ; 0 (0)             ; 8 (8)        ; 0           ; 0            ; 0       ; 0         ; 0    ; 0            ; |DAT_MEM|REG8:\mem:2:reg8High  ;              ;
;    |REG8:\mem:2:reg8Low|   ; 0 (0)             ; 8 (8)        ; 0           ; 0            ; 0       ; 0         ; 0    ; 0            ; |DAT_MEM|REG8:\mem:2:reg8Low   ; work         ;
;    |REG8:\mem:3:reg8High|  ; 0 (0)             ; 8 (8)        ; 0           ; 0            ; 0       ; 0         ; 0    ; 0            ; |DAT_MEM|REG8:\mem:3:reg8High  ; work         ;
;    |REG8:\mem:3:reg8Low|   ; 0 (0)             ; 8 (8)        ; 0           ; 0            ; 0       ; 0         ; 0    ; 0            ; |DAT_MEM|REG8:\mem:3:reg8Low   ; work         ;
;    |REG8:\mem:4:reg8High|  ; 0 (0)             ; 8 (8)        ; 0           ; 0            ; 0       ; 0         ; 0    ; 0            ; |DAT_MEM|REG8:\mem:4:reg8High  ; work         ;
;    |REG8:\mem:4:reg8Low|   ; 0 (0)             ; 8 (8)        ; 0           ; 0            ; 0       ; 0         ; 0    ; 0            ; |DAT_MEM|REG8:\mem:4:reg8Low   ; work         ;
;    |REG8:\mem:5:reg8High|  ; 0 (0)             ; 8 (8)        ; 0           ; 0            ; 0       ; 0         ; 0    ; 0            ; |DAT_MEM|REG8:\mem:5:reg8High  ; work         ;
;    |REG8:\mem:5:reg8Low|   ; 0 (0)             ; 8 (8)        ; 0           ; 0            ; 0       ; 0         ; 0    ; 0            ; |DAT_MEM|REG8:\mem:5:reg8Low   ; work         ;
;    |REG8:\mem:6:reg8High|  ; 0 (0)             ; 8 (8)        ; 0           ; 0            ; 0       ; 0         ; 0    ; 0            ; |DAT_MEM|REG8:\mem:6:reg8High  ; work         ;
;    |REG8:\mem:6:reg8Low|   ; 0 (0)             ; 8 (8)        ; 0           ; 0            ; 0       ; 0         ; 0    ; 0            ; |DAT_MEM|REG8:\mem:6:reg8Low   ; work         ;
;    |REG8:\mem:7:reg8High|  ; 0 (0)             ; 8 (8)        ; 0           ; 0            ; 0       ; 0         ; 0    ; 0            ; |DAT_MEM|REG8:\mem:7:reg8High  ; work         ;
;    |REG8:\mem:7:reg8Low|   ; 0 (0)             ; 8 (8)        ; 0           ; 0            ; 0       ; 0         ; 0    ; 0            ; |DAT_MEM|REG8:\mem:7:reg8Low   ; work         ;
;    |REG8:\mem:8:reg8High|  ; 0 (0)             ; 8 (8)        ; 0           ; 0            ; 0       ; 0         ; 0    ; 0            ; |DAT_MEM|REG8:\mem:8:reg8High  ; work         ;
;    |REG8:\mem:8:reg8Low|   ; 0 (0)             ; 8 (8)        ; 0           ; 0            ; 0       ; 0         ; 0    ; 0            ; |DAT_MEM|REG8:\mem:8:reg8Low   ; work         ;
;    |REG8:\mem:9:reg8High|  ; 0 (0)             ; 8 (8)        ; 0           ; 0            ; 0       ; 0         ; 0    ; 0            ; |DAT_MEM|REG8:\mem:9:reg8High  ; work         ;
;    |REG8:\mem:9:reg8Low|   ; 0 (0)             ; 8 (8)        ; 0           ; 0            ; 0       ; 0         ; 0    ; 0            ; |DAT_MEM|REG8:\mem:9:reg8Low   ; work         ;
+----------------------------+-------------------+--------------+-------------+--------------+---------+-----------+------+--------------+--------------------------------+--------------+
Note: For table entries with two numbers listed, the numbers in parentheses indicate the number of resources of the given type used by the specific entity alone. The numbers listed outside of parentheses indicate the total resources of the given type used by the specific entity and all of its sub-entities in the hierarchy.


+----------------------------------------------------------------------------------------------------+
; User-Specified and Inferred Latches                                                                ;
+-----------------------------------------------------+---------------------+------------------------+
; Latch Name                                          ; Latch Enable Signal ; Free of Timing Hazards ;
+-----------------------------------------------------+---------------------+------------------------+
; DOUT[0]$latch                                       ; DOUT[15]            ; yes                    ;
; DOUT[0]_938                                         ; DOUT[15]            ; yes                    ;
; DOUT[1]$latch                                       ; DOUT[15]            ; yes                    ;
; DOUT[2]$latch                                       ; DOUT[15]            ; yes                    ;
; DOUT[3]$latch                                       ; DOUT[15]            ; yes                    ;
; DOUT[4]$latch                                       ; DOUT[15]            ; yes                    ;
; DOUT[5]$latch                                       ; DOUT[15]            ; yes                    ;
; DOUT[6]$latch                                       ; DOUT[15]            ; yes                    ;
; DOUT[7]$latch                                       ; DOUT[15]            ; yes                    ;
; DOUT[8]$latch                                       ; DOUT[15]            ; yes                    ;
; DOUT[9]$latch                                       ; DOUT[15]            ; yes                    ;
; DOUT[10]$latch                                      ; DOUT[15]            ; yes                    ;
; DOUT[11]$latch                                      ; DOUT[15]            ; yes                    ;
; DOUT[12]$latch                                      ; DOUT[15]            ; yes                    ;
; DOUT[13]$latch                                      ; DOUT[15]            ; yes                    ;
; DOUT[14]$latch                                      ; DOUT[15]            ; yes                    ;
; DOUT[15]$latch                                      ; DOUT[15]            ; yes                    ;
; Number of user-specified and inferred latches = 17  ;                     ;                        ;
+-----------------------------------------------------+---------------------+------------------------+
Note: All latches listed above may not be present at the end of synthesis due to various synthesis optimizations.


+------------------------------------------------------+
; General Register Statistics                          ;
+----------------------------------------------+-------+
; Statistic                                    ; Value ;
+----------------------------------------------+-------+
; Total registers                              ; 256   ;
; Number of registers using Synchronous Clear  ; 0     ;
; Number of registers using Synchronous Load   ; 0     ;
; Number of registers using Asynchronous Clear ; 0     ;
; Number of registers using Asynchronous Load  ; 0     ;
; Number of registers using Clock Enable       ; 256   ;
; Number of registers using Preset             ; 0     ;
+----------------------------------------------+-------+


+------------------------------------------------------------------------------------------------------------------------------------------+
; Multiplexer Restructuring Statistics (Restructuring Performed)                                                                           ;
+--------------------+-----------+---------------+----------------------+------------------------+------------+----------------------------+
; Multiplexer Inputs ; Bus Width ; Baseline Area ; Area if Restructured ; Saving if Restructured ; Registered ; Example Multiplexer Output ;
+--------------------+-----------+---------------+----------------------+------------------------+------------+----------------------------+
; 16:1               ; 16 bits   ; 160 LEs       ; 160 LEs              ; 0 LEs                  ; No         ; |DAT_MEM|DOUT[0]           ;
+--------------------+-----------+---------------+----------------------+------------------------+------------+----------------------------+


+-------------------------------+
; Analysis & Synthesis Messages ;
+-------------------------------+
Info: *******************************************************************
Info: Running Quartus II Analysis & Synthesis
    Info: Version 9.1 Build 350 03/24/2010 Service Pack 2 SJ Web Edition
    Info: Processing started: Wed Apr 08 02:51:42 2015
Info: Command: quartus_map --read_settings_files=on --write_settings_files=off lab6 -c lab6
Info: Found 2 design units, including 1 entities, in source file dcd5x32.vhd
    Info: Found design unit 1: DCD5x32-behavior
    Info: Found entity 1: DCD5x32
Info: Found 1 design units, including 0 entities, in source file my_lib.vhd
    Info: Found design unit 1: my_lib
Info: Found 2 design units, including 1 entities, in source file sgnext6x16.vhd
    Info: Found design unit 1: SGNEXT6X16-behavior
    Info: Found entity 1: SGNEXT6X16
Info: Found 2 design units, including 1 entities, in source file shlone.vhd
    Info: Found design unit 1: SHLONE-behavior
    Info: Found entity 1: SHLONE
Info: Found 2 design units, including 1 entities, in source file mux3x16.vhd
    Info: Found design unit 1: MUX3x16-behavior
    Info: Found entity 1: MUX3x16
Info: Found 2 design units, including 1 entities, in source file add16.vhd
    Info: Found design unit 1: ADD16-behavior
    Info: Found entity 1: ADD16
Info: Found 2 design units, including 1 entities, in source file dat_mem.vhd
    Info: Found design unit 1: DAT_MEM-behavior
    Info: Found entity 1: DAT_MEM
Info: Found 2 design units, including 1 entities, in source file ins_mem.vhd
    Info: Found design unit 1: INS_MEM-behavior
    Info: Found entity 1: INS_MEM
Info: Found 2 design units, including 1 entities, in source file inctwo.vhd
    Info: Found design unit 1: INCTWO-behavior
    Info: Found entity 1: INCTWO
Info: Found 2 design units, including 1 entities, in source file add4.vhd
    Info: Found design unit 1: ADD4-behavior
    Info: Found entity 1: ADD4
Info: Found 2 design units, including 1 entities, in source file addlogic.vhd
    Info: Found design unit 1: ADDLOGIC-behavior
    Info: Found entity 1: ADDLOGIC
Info: Found 2 design units, including 1 entities, in source file dcd3x8.vhd
    Info: Found design unit 1: DCD3x8-behavior
    Info: Found entity 1: DCD3x8
Info: Found 2 design units, including 1 entities, in source file dcd4x16.vhd
    Info: Found design unit 1: DCD4x16-behavior
    Info: Found entity 1: DCD4x16
Info: Found 2 design units, including 1 entities, in source file reg8.vhd
    Info: Found design unit 1: REG8-behavior
    Info: Found entity 1: REG8
Info: Elaborating entity "DAT_MEM" for the top level hierarchy
Info (10041): Inferred latch for "DOUT[0]" at DAT_MEM.vhd(30)
Info (10041): Inferred latch for "DOUT[1]" at DAT_MEM.vhd(30)
Info (10041): Inferred latch for "DOUT[2]" at DAT_MEM.vhd(30)
Info (10041): Inferred latch for "DOUT[3]" at DAT_MEM.vhd(30)
Info (10041): Inferred latch for "DOUT[4]" at DAT_MEM.vhd(30)
Info (10041): Inferred latch for "DOUT[5]" at DAT_MEM.vhd(30)
Info (10041): Inferred latch for "DOUT[6]" at DAT_MEM.vhd(30)
Info (10041): Inferred latch for "DOUT[7]" at DAT_MEM.vhd(30)
Info (10041): Inferred latch for "DOUT[8]" at DAT_MEM.vhd(30)
Info (10041): Inferred latch for "DOUT[9]" at DAT_MEM.vhd(30)
Info (10041): Inferred latch for "DOUT[10]" at DAT_MEM.vhd(30)
Info (10041): Inferred latch for "DOUT[11]" at DAT_MEM.vhd(30)
Info (10041): Inferred latch for "DOUT[12]" at DAT_MEM.vhd(30)
Info (10041): Inferred latch for "DOUT[13]" at DAT_MEM.vhd(30)
Info (10041): Inferred latch for "DOUT[14]" at DAT_MEM.vhd(30)
Info (10041): Inferred latch for "DOUT[15]" at DAT_MEM.vhd(30)
Info: Elaborating entity "DCD4x16" for hierarchy "DCD4x16:sel"
Warning (10492): VHDL Process Statement warning at DCD4x16.vhd(18): signal "sel3_0" is read inside the Process Statement but isn't in the Process Statement's sensitivity list
Warning (10492): VHDL Process Statement warning at DCD4x16.vhd(19): signal "sel3_1" is read inside the Process Statement but isn't in the Process Statement's sensitivity list
Info: Elaborating entity "DCD3x8" for hierarchy "DCD4x16:sel|DCD3x8:callDCD3x8"
Info: Elaborating entity "REG8" for hierarchy "REG8:\mem:0:reg8Low"
Warning: Latch DOUT[0]$latch has unsafe behavior
    Warning: Ports D and ENA on the latch are fed by the same signal ADDR[3]
Warning: Latch DOUT[1]$latch has unsafe behavior
    Warning: Ports D and ENA on the latch are fed by the same signal ADDR[4]
Warning: Latch DOUT[2]$latch has unsafe behavior
    Warning: Ports D and ENA on the latch are fed by the same signal ADDR[4]
Warning: Latch DOUT[3]$latch has unsafe behavior
    Warning: Ports D and ENA on the latch are fed by the same signal ADDR[4]
Warning: Latch DOUT[4]$latch has unsafe behavior
    Warning: Ports D and ENA on the latch are fed by the same signal ADDR[2]
Warning: Latch DOUT[5]$latch has unsafe behavior
    Warning: Ports D and ENA on the latch are fed by the same signal ADDR[4]
Warning: Latch DOUT[6]$latch has unsafe behavior
    Warning: Ports D and ENA on the latch are fed by the same signal ADDR[1]
Warning: Latch DOUT[7]$latch has unsafe behavior
    Warning: Ports D and ENA on the latch are fed by the same signal ADDR[3]
Warning: Latch DOUT[8]$latch has unsafe behavior
    Warning: Ports D and ENA on the latch are fed by the same signal ADDR[2]
Warning: Latch DOUT[9]$latch has unsafe behavior
    Warning: Ports D and ENA on the latch are fed by the same signal ADDR[4]
Warning: Latch DOUT[10]$latch has unsafe behavior
    Warning: Ports D and ENA on the latch are fed by the same signal ADDR[1]
Warning: Latch DOUT[11]$latch has unsafe behavior
    Warning: Ports D and ENA on the latch are fed by the same signal ADDR[3]
Warning: Latch DOUT[12]$latch has unsafe behavior
    Warning: Ports D and ENA on the latch are fed by the same signal ADDR[2]
Warning: Latch DOUT[13]$latch has unsafe behavior
    Warning: Ports D and ENA on the latch are fed by the same signal ADDR[4]
Warning: Latch DOUT[14]$latch has unsafe behavior
    Warning: Ports D and ENA on the latch are fed by the same signal ADDR[1]
Warning: Latch DOUT[15]$latch has unsafe behavior
    Warning: Ports D and ENA on the latch are fed by the same signal ADDR[3]
Warning: Design contains 12 input pin(s) that do not drive logic
    Warning (15610): No output dependent on input pin "ADDR[0]"
    Warning (15610): No output dependent on input pin "ADDR[5]"
    Warning (15610): No output dependent on input pin "ADDR[6]"
    Warning (15610): No output dependent on input pin "ADDR[7]"
    Warning (15610): No output dependent on input pin "ADDR[8]"
    Warning (15610): No output dependent on input pin "ADDR[9]"
    Warning (15610): No output dependent on input pin "ADDR[10]"
    Warning (15610): No output dependent on input pin "ADDR[11]"
    Warning (15610): No output dependent on input pin "ADDR[12]"
    Warning (15610): No output dependent on input pin "ADDR[13]"
    Warning (15610): No output dependent on input pin "ADDR[14]"
    Warning (15610): No output dependent on input pin "ADDR[15]"
Info: Implemented 517 device resources after synthesis - the final resource count might be different
    Info: Implemented 35 input pins
    Info: Implemented 16 output pins
    Info: Implemented 466 logic cells
Info: Quartus II Analysis & Synthesis was successful. 0 errors, 47 warnings
    Info: Peak virtual memory: 235 megabytes
    Info: Processing ended: Wed Apr 08 02:51:52 2015
    Info: Elapsed time: 00:00:10
    Info: Total CPU time (on all processors): 00:00:03


