Classic Timing Analyzer report for PCJMP
Tue Apr 14 16:10:28 2015
Quartus II Version 9.1 Build 350 03/24/2010 Service Pack 2 SJ Full Version


---------------------
; Table of Contents ;
---------------------
  1. Legal Notice
  2. Timing Analyzer Summary
  3. Timing Analyzer Settings
  4. Parallel Compilation
  5. tpd
  6. Timing Analyzer Messages



----------------
; Legal Notice ;
----------------
Copyright (C) 1991-2010 Altera Corporation
Your use of Altera Corporation's design tools, logic functions 
and other software and tools, and its AMPP partner logic 
functions, and any output files from any of the foregoing 
(including device programming or simulation files), and any 
associated documentation or information are expressly subject 
to the terms and conditions of the Altera Program License 
Subscription Agreement, Altera MegaCore Function License 
Agreement, or other applicable license agreement, including, 
without limitation, that your use is for the sole purpose of 
programming logic devices manufactured by Altera and sold by 
Altera or its authorized distributors.  Please refer to the 
applicable agreement for further details.



+------------------------------------------------------------------------------------------------------------------------------------+
; Timing Analyzer Summary                                                                                                            ;
+------------------------------+-------+---------------+-------------+-----------+------------+------------+----------+--------------+
; Type                         ; Slack ; Required Time ; Actual Time ; From      ; To         ; From Clock ; To Clock ; Failed Paths ;
+------------------------------+-------+---------------+-------------+-----------+------------+------------+----------+--------------+
; Worst-case tpd               ; N/A   ; None          ; 8.956 ns    ; PChigh[0] ; output[13] ; --         ; --       ; 0            ;
; Total number of failed paths ;       ;               ;             ;           ;            ;            ;          ; 0            ;
+------------------------------+-------+---------------+-------------+-----------+------------+------------+----------+--------------+


+-----------------------------------------------------------------------------------------------------------------------------------------------------+
; Timing Analyzer Settings                                                                                                                            ;
+------------------------------------------------------------------------------------------------------+--------------------+------+----+-------------+
; Option                                                                                               ; Setting            ; From ; To ; Entity Name ;
+------------------------------------------------------------------------------------------------------+--------------------+------+----+-------------+
; Device Name                                                                                          ; EP2C35F672C6       ;      ;    ;             ;
; Timing Models                                                                                        ; Final              ;      ;    ;             ;
; Default hold multicycle                                                                              ; Same as Multicycle ;      ;    ;             ;
; Cut paths between unrelated clock domains                                                            ; On                 ;      ;    ;             ;
; Cut off read during write signal paths                                                               ; On                 ;      ;    ;             ;
; Cut off feedback from I/O pins                                                                       ; On                 ;      ;    ;             ;
; Report Combined Fast/Slow Timing                                                                     ; Off                ;      ;    ;             ;
; Ignore Clock Settings                                                                                ; Off                ;      ;    ;             ;
; Analyze latches as synchronous elements                                                              ; On                 ;      ;    ;             ;
; Enable Recovery/Removal analysis                                                                     ; Off                ;      ;    ;             ;
; Enable Clock Latency                                                                                 ; Off                ;      ;    ;             ;
; Use TimeQuest Timing Analyzer                                                                        ; Off                ;      ;    ;             ;
; Minimum Core Junction Temperature                                                                    ; 0                  ;      ;    ;             ;
; Maximum Core Junction Temperature                                                                    ; 85                 ;      ;    ;             ;
; Number of source nodes to report per destination node                                                ; 10                 ;      ;    ;             ;
; Number of destination nodes to report                                                                ; 10                 ;      ;    ;             ;
; Number of paths to report                                                                            ; 200                ;      ;    ;             ;
; Report Minimum Timing Checks                                                                         ; Off                ;      ;    ;             ;
; Use Fast Timing Models                                                                               ; Off                ;      ;    ;             ;
; Report IO Paths Separately                                                                           ; Off                ;      ;    ;             ;
; Perform Multicorner Analysis                                                                         ; On                 ;      ;    ;             ;
; Reports the worst-case path for each clock domain and analysis                                       ; Off                ;      ;    ;             ;
; Reports worst-case timing paths for each clock domain and analysis                                   ; On                 ;      ;    ;             ;
; Specifies the maximum number of worst-case timing paths to report for each clock domain and analysis ; 100                ;      ;    ;             ;
; Removes common clock path pessimism (CCPP) during slack computation                                  ; Off                ;      ;    ;             ;
; Output I/O Timing Endpoint                                                                           ; Near End           ;      ;    ;             ;
+------------------------------------------------------------------------------------------------------+--------------------+------+----+-------------+


+------------------------------------------+
; Parallel Compilation                     ;
+----------------------------+-------------+
; Processors                 ; Number      ;
+----------------------------+-------------+
; Number detected on machine ; 4           ;
; Maximum allowed            ; 4           ;
;                            ;             ;
; Average used               ; 1.00        ;
; Maximum used               ; 1           ;
;                            ;             ;
; Usage by Processor         ; % Time Used ;
;     1 processor            ; 100.0%      ;
;     2-4 processors         ;   0.0%      ;
+----------------------------+-------------+


+------------------------------------------------------------------------+
; tpd                                                                    ;
+-------+-------------------+-----------------+-------------+------------+
; Slack ; Required P2P Time ; Actual P2P Time ; From        ; To         ;
+-------+-------------------+-----------------+-------------+------------+
; N/A   ; None              ; 8.956 ns        ; PChigh[0]   ; output[13] ;
; N/A   ; None              ; 8.918 ns        ; JMPaddr[5]  ; output[6]  ;
; N/A   ; None              ; 8.873 ns        ; JMPaddr[3]  ; output[4]  ;
; N/A   ; None              ; 8.843 ns        ; JMPaddr[4]  ; output[5]  ;
; N/A   ; None              ; 8.834 ns        ; JMPaddr[11] ; output[12] ;
; N/A   ; None              ; 8.785 ns        ; JMPaddr[2]  ; output[3]  ;
; N/A   ; None              ; 8.782 ns        ; JMPaddr[8]  ; output[9]  ;
; N/A   ; None              ; 8.775 ns        ; JMPaddr[6]  ; output[7]  ;
; N/A   ; None              ; 8.767 ns        ; JMPaddr[7]  ; output[8]  ;
; N/A   ; None              ; 8.160 ns        ; PChigh[1]   ; output[14] ;
; N/A   ; None              ; 8.016 ns        ; PChigh[2]   ; output[15] ;
; N/A   ; None              ; 7.966 ns        ; JMPaddr[9]  ; output[10] ;
; N/A   ; None              ; 7.924 ns        ; JMPaddr[10] ; output[11] ;
; N/A   ; None              ; 4.828 ns        ; JMPaddr[0]  ; output[1]  ;
; N/A   ; None              ; 4.802 ns        ; JMPaddr[1]  ; output[2]  ;
+-------+-------------------+-----------------+-------------+------------+


+--------------------------+
; Timing Analyzer Messages ;
+--------------------------+
Info: *******************************************************************
Info: Running Quartus II Classic Timing Analyzer
    Info: Version 9.1 Build 350 03/24/2010 Service Pack 2 SJ Full Version
    Info: Processing started: Tue Apr 14 16:10:26 2015
Info: Command: quartus_tan --read_settings_files=off --write_settings_files=off PCJMP -c PCJMP --timing_analysis_only
Info: Parallel compilation is enabled and will use 4 of the 4 processors detected
Info: Longest tpd from source pin "PChigh[0]" to destination pin "output[13]" is 8.956 ns
    Info: 1: + IC(0.000 ns) + CELL(0.870 ns) = 0.870 ns; Loc. = PIN_A5; Fanout = 1; PIN Node = 'PChigh[0]'
    Info: 2: + IC(5.278 ns) + CELL(2.808 ns) = 8.956 ns; Loc. = PIN_A6; Fanout = 0; PIN Node = 'output[13]'
    Info: Total cell delay = 3.678 ns ( 41.07 % )
    Info: Total interconnect delay = 5.278 ns ( 58.93 % )
Info: Quartus II Classic Timing Analyzer was successful. 0 errors, 0 warnings
    Info: Peak virtual memory: 181 megabytes
    Info: Processing ended: Tue Apr 14 16:10:31 2015
    Info: Elapsed time: 00:00:05
    Info: Total CPU time (on all processors): 00:00:00


